{"C:\\Users\\Abel G\\Desktop\\Microverse\\Module 2\\To-Do-List-App\\src\\JS\\taskOperations.js": {"path":"C:\\Users\\Abel G\\Desktop\\Microverse\\Module 2\\To-Do-List-App\\src\\JS\\taskOperations.js","statementMap":{"0":{"start":{"line":1,"column":16},"end":{"line":1,"column":18}},"1":{"start":{"line":3,"column":21},"end":{"line":3,"column":36}},"2":{"start":{"line":3,"column":27},"end":{"line":3,"column":36}},"3":{"start":{"line":4,"column":21},"end":{"line":4,"column":61}},"4":{"start":{"line":4,"column":37},"end":{"line":4,"column":61}},"5":{"start":{"line":5,"column":26},"end":{"line":10,"column":1}},"6":{"start":{"line":6,"column":2},"end":{"line":6,"column":58}},"7":{"start":{"line":7,"column":2},"end":{"line":7,"column":40}},"8":{"start":{"line":7,"column":25},"end":{"line":7,"column":40}},"9":{"start":{"line":8,"column":2},"end":{"line":8,"column":23}},"10":{"start":{"line":9,"column":2},"end":{"line":9,"column":61}},"11":{"start":{"line":12,"column":22},"end":{"line":35,"column":1}},"12":{"start":{"line":13,"column":28},"end":{"line":13,"column":70}},"13":{"start":{"line":14,"column":18},"end":{"line":14,"column":47}},"14":{"start":{"line":15,"column":25},"end":{"line":15,"column":54}},"15":{"start":{"line":16,"column":20},"end":{"line":16,"column":51}},"16":{"start":{"line":17,"column":22},"end":{"line":17,"column":53}},"17":{"start":{"line":18,"column":20},"end":{"line":18,"column":47}},"18":{"start":{"line":19,"column":19},"end":{"line":19,"column":46}},"19":{"start":{"line":20,"column":2},"end":{"line":20,"column":40}},"20":{"start":{"line":21,"column":2},"end":{"line":21,"column":55}},"21":{"start":{"line":22,"column":2},"end":{"line":22,"column":48}},"22":{"start":{"line":23,"column":2},"end":{"line":23,"column":41}},"23":{"start":{"line":24,"column":2},"end":{"line":24,"column":47}},"24":{"start":{"line":25,"column":2},"end":{"line":25,"column":60}},"25":{"start":{"line":26,"column":2},"end":{"line":26,"column":63}},"26":{"start":{"line":27,"column":2},"end":{"line":27,"column":47}},"27":{"start":{"line":28,"column":2},"end":{"line":28,"column":45}},"28":{"start":{"line":29,"column":2},"end":{"line":29,"column":42}},"29":{"start":{"line":30,"column":2},"end":{"line":30,"column":40}},"30":{"start":{"line":31,"column":2},"end":{"line":31,"column":38}},"31":{"start":{"line":32,"column":2},"end":{"line":32,"column":33}},"32":{"start":{"line":33,"column":2},"end":{"line":33,"column":32}},"33":{"start":{"line":34,"column":2},"end":{"line":34,"column":41}},"34":{"start":{"line":37,"column":24},"end":{"line":46,"column":1}},"35":{"start":{"line":38,"column":2},"end":{"line":38,"column":58}},"36":{"start":{"line":39,"column":2},"end":{"line":45,"column":3}},"37":{"start":{"line":40,"column":4},"end":{"line":42,"column":7}},"38":{"start":{"line":41,"column":6},"end":{"line":41,"column":34}},"39":{"start":{"line":44,"column":4},"end":{"line":44,"column":19}},"40":{"start":{"line":48,"column":23},"end":{"line":58,"column":1}},"41":{"start":{"line":49,"column":15},"end":{"line":53,"column":3}},"42":{"start":{"line":54,"column":2},"end":{"line":54,"column":34}},"43":{"start":{"line":55,"column":2},"end":{"line":55,"column":32}},"44":{"start":{"line":56,"column":2},"end":{"line":56,"column":26}},"45":{"start":{"line":57,"column":2},"end":{"line":57,"column":22}},"46":{"start":{"line":60,"column":19},"end":{"line":68,"column":1}},"47":{"start":{"line":61,"column":19},"end":{"line":61,"column":53}},"48":{"start":{"line":62,"column":2},"end":{"line":62,"column":29}},"49":{"start":{"line":63,"column":2},"end":{"line":63,"column":27}},"50":{"start":{"line":64,"column":2},"end":{"line":66,"column":3}},"51":{"start":{"line":64,"column":15},"end":{"line":64,"column":35}},"52":{"start":{"line":65,"column":4},"end":{"line":65,"column":27}},"53":{"start":{"line":67,"column":2},"end":{"line":67,"column":61}},"54":{"start":{"line":70,"column":19},"end":{"line":73,"column":1}},"55":{"start":{"line":71,"column":2},"end":{"line":71,"column":46}},"56":{"start":{"line":72,"column":2},"end":{"line":72,"column":61}},"57":{"start":{"line":75,"column":22},"end":{"line":91,"column":1}},"58":{"start":{"line":76,"column":19},"end":{"line":76,"column":75}},"59":{"start":{"line":77,"column":21},"end":{"line":77,"column":73}},"60":{"start":{"line":78,"column":22},"end":{"line":78,"column":63}},"61":{"start":{"line":79,"column":19},"end":{"line":79,"column":53}},"62":{"start":{"line":80,"column":2},"end":{"line":82,"column":5}},"63":{"start":{"line":81,"column":4},"end":{"line":81,"column":42}},"64":{"start":{"line":83,"column":2},"end":{"line":86,"column":5}},"65":{"start":{"line":84,"column":4},"end":{"line":84,"column":35}},"66":{"start":{"line":85,"column":4},"end":{"line":85,"column":49}},"67":{"start":{"line":88,"column":2},"end":{"line":88,"column":45}},"68":{"start":{"line":89,"column":2},"end":{"line":89,"column":45}},"69":{"start":{"line":90,"column":2},"end":{"line":90,"column":47}},"70":{"start":{"line":93,"column":28},"end":{"line":105,"column":1}},"71":{"start":{"line":94,"column":19},"end":{"line":94,"column":53}},"72":{"start":{"line":95,"column":2},"end":{"line":99,"column":5}},"73":{"start":{"line":96,"column":4},"end":{"line":98,"column":5}},"74":{"start":{"line":97,"column":6},"end":{"line":97,"column":31}},"75":{"start":{"line":100,"column":2},"end":{"line":100,"column":67}},"76":{"start":{"line":100,"column":41},"end":{"line":100,"column":65}},"77":{"start":{"line":101,"column":2},"end":{"line":103,"column":3}},"78":{"start":{"line":101,"column":15},"end":{"line":101,"column":35}},"79":{"start":{"line":102,"column":4},"end":{"line":102,"column":27}},"80":{"start":{"line":104,"column":2},"end":{"line":104,"column":61}}},"fnMap":{"0":{"name":"(anonymous_0)","decl":{"start":{"line":3,"column":21},"end":{"line":3,"column":22}},"loc":{"start":{"line":3,"column":27},"end":{"line":3,"column":36}},"line":3},"1":{"name":"(anonymous_1)","decl":{"start":{"line":4,"column":21},"end":{"line":4,"column":22}},"loc":{"start":{"line":4,"column":37},"end":{"line":4,"column":61}},"line":4},"2":{"name":"(anonymous_2)","decl":{"start":{"line":5,"column":26},"end":{"line":5,"column":27}},"loc":{"start":{"line":5,"column":36},"end":{"line":10,"column":1}},"line":5},"3":{"name":"(anonymous_3)","decl":{"start":{"line":12,"column":22},"end":{"line":12,"column":23}},"loc":{"start":{"line":12,"column":40},"end":{"line":35,"column":1}},"line":12},"4":{"name":"(anonymous_4)","decl":{"start":{"line":37,"column":24},"end":{"line":37,"column":25}},"loc":{"start":{"line":37,"column":30},"end":{"line":46,"column":1}},"line":37},"5":{"name":"(anonymous_5)","decl":{"start":{"line":40,"column":22},"end":{"line":40,"column":23}},"loc":{"start":{"line":40,"column":40},"end":{"line":42,"column":5}},"line":40},"6":{"name":"(anonymous_6)","decl":{"start":{"line":48,"column":23},"end":{"line":48,"column":24}},"loc":{"start":{"line":48,"column":41},"end":{"line":58,"column":1}},"line":48},"7":{"name":"(anonymous_7)","decl":{"start":{"line":60,"column":19},"end":{"line":60,"column":20}},"loc":{"start":{"line":60,"column":30},"end":{"line":68,"column":1}},"line":60},"8":{"name":"(anonymous_8)","decl":{"start":{"line":70,"column":19},"end":{"line":70,"column":20}},"loc":{"start":{"line":70,"column":44},"end":{"line":73,"column":1}},"line":70},"9":{"name":"(anonymous_9)","decl":{"start":{"line":75,"column":22},"end":{"line":75,"column":23}},"loc":{"start":{"line":75,"column":33},"end":{"line":91,"column":1}},"line":75},"10":{"name":"(anonymous_10)","decl":{"start":{"line":80,"column":22},"end":{"line":80,"column":23}},"loc":{"start":{"line":80,"column":38},"end":{"line":82,"column":3}},"line":80},"11":{"name":"(anonymous_11)","decl":{"start":{"line":83,"column":19},"end":{"line":83,"column":20}},"loc":{"start":{"line":83,"column":35},"end":{"line":86,"column":3}},"line":83},"12":{"name":"(anonymous_12)","decl":{"start":{"line":93,"column":28},"end":{"line":93,"column":29}},"loc":{"start":{"line":93,"column":34},"end":{"line":105,"column":1}},"line":93},"13":{"name":"(anonymous_13)","decl":{"start":{"line":95,"column":20},"end":{"line":95,"column":21}},"loc":{"start":{"line":95,"column":37},"end":{"line":99,"column":3}},"line":95},"14":{"name":"(anonymous_14)","decl":{"start":{"line":100,"column":31},"end":{"line":100,"column":32}},"loc":{"start":{"line":100,"column":41},"end":{"line":100,"column":65}},"line":100}},"branchMap":{"0":{"loc":{"start":{"line":7,"column":2},"end":{"line":7,"column":40}},"type":"if","locations":[{"start":{"line":7,"column":2},"end":{"line":7,"column":40}},{"start":{},"end":{}}],"line":7},"1":{"loc":{"start":{"line":39,"column":2},"end":{"line":45,"column":3}},"type":"if","locations":[{"start":{"line":39,"column":2},"end":{"line":45,"column":3}},{"start":{"line":43,"column":9},"end":{"line":45,"column":3}}],"line":39},"2":{"loc":{"start":{"line":96,"column":4},"end":{"line":98,"column":5}},"type":"if","locations":[{"start":{"line":96,"column":4},"end":{"line":98,"column":5}},{"start":{},"end":{}}],"line":96}},"s":{"0":1,"1":1,"2":7,"3":1,"4":1,"5":1,"6":8,"7":8,"8":1,"9":8,"10":8,"11":1,"12":12,"13":12,"14":12,"15":12,"16":12,"17":12,"18":12,"19":12,"20":12,"21":12,"22":12,"23":12,"24":12,"25":12,"26":12,"27":12,"28":12,"29":12,"30":12,"31":12,"32":12,"33":12,"34":1,"35":1,"36":1,"37":1,"38":4,"39":0,"40":1,"41":7,"42":7,"43":7,"44":7,"45":7,"46":1,"47":1,"48":1,"49":1,"50":1,"51":1,"52":3,"53":1,"54":1,"55":1,"56":1,"57":1,"58":1,"59":1,"60":1,"61":1,"62":1,"63":0,"64":1,"65":2,"66":2,"67":1,"68":1,"69":1,"70":1,"71":1,"72":1,"73":3,"74":2,"75":1,"76":3,"77":1,"78":1,"79":1,"80":1},"f":{"0":7,"1":1,"2":8,"3":12,"4":1,"5":4,"6":7,"7":1,"8":1,"9":1,"10":0,"11":2,"12":1,"13":3,"14":3},"b":{"0":[1,7],"1":[1,0],"2":[2,1]},"_coverageSchema":"1a1c01bbd47fc00a2c39e90264f33305004495a9","hash":"3a152fa67615f1612fb10e56336341ee78e66845"}
}
