{"C:\\Users\\Sendy Inieke\\Documents\\Project\\Microverse Career\\Module_2\\Pair-Programming\\To-Do-List-App\\src\\JS\\taskOperations.js": {"path":"C:\\Users\\Sendy Inieke\\Documents\\Project\\Microverse Career\\Module_2\\Pair-Programming\\To-Do-List-App\\src\\JS\\taskOperations.js","statementMap":{"0":{"start":{"line":1,"column":16},"end":{"line":1,"column":18}},"1":{"start":{"line":3,"column":21},"end":{"line":3,"column":36}},"2":{"start":{"line":3,"column":27},"end":{"line":3,"column":36}},"3":{"start":{"line":4,"column":21},"end":{"line":6,"column":1}},"4":{"start":{"line":5,"column":2},"end":{"line":5,"column":27}},"5":{"start":{"line":7,"column":26},"end":{"line":12,"column":1}},"6":{"start":{"line":8,"column":2},"end":{"line":8,"column":58}},"7":{"start":{"line":9,"column":2},"end":{"line":9,"column":40}},"8":{"start":{"line":9,"column":25},"end":{"line":9,"column":40}},"9":{"start":{"line":10,"column":2},"end":{"line":10,"column":23}},"10":{"start":{"line":11,"column":2},"end":{"line":11,"column":61}},"11":{"start":{"line":14,"column":22},"end":{"line":37,"column":1}},"12":{"start":{"line":15,"column":28},"end":{"line":15,"column":70}},"13":{"start":{"line":16,"column":18},"end":{"line":16,"column":47}},"14":{"start":{"line":17,"column":25},"end":{"line":17,"column":54}},"15":{"start":{"line":18,"column":20},"end":{"line":18,"column":51}},"16":{"start":{"line":19,"column":22},"end":{"line":19,"column":53}},"17":{"start":{"line":20,"column":20},"end":{"line":20,"column":47}},"18":{"start":{"line":21,"column":19},"end":{"line":21,"column":46}},"19":{"start":{"line":22,"column":2},"end":{"line":22,"column":40}},"20":{"start":{"line":23,"column":2},"end":{"line":23,"column":55}},"21":{"start":{"line":24,"column":2},"end":{"line":24,"column":48}},"22":{"start":{"line":25,"column":2},"end":{"line":25,"column":41}},"23":{"start":{"line":26,"column":2},"end":{"line":26,"column":47}},"24":{"start":{"line":27,"column":2},"end":{"line":27,"column":60}},"25":{"start":{"line":28,"column":2},"end":{"line":28,"column":63}},"26":{"start":{"line":29,"column":2},"end":{"line":29,"column":47}},"27":{"start":{"line":30,"column":2},"end":{"line":30,"column":45}},"28":{"start":{"line":31,"column":2},"end":{"line":31,"column":42}},"29":{"start":{"line":32,"column":2},"end":{"line":32,"column":40}},"30":{"start":{"line":33,"column":2},"end":{"line":33,"column":38}},"31":{"start":{"line":34,"column":2},"end":{"line":34,"column":33}},"32":{"start":{"line":35,"column":2},"end":{"line":35,"column":32}},"33":{"start":{"line":36,"column":2},"end":{"line":36,"column":41}},"34":{"start":{"line":39,"column":24},"end":{"line":48,"column":1}},"35":{"start":{"line":40,"column":2},"end":{"line":40,"column":58}},"36":{"start":{"line":41,"column":2},"end":{"line":47,"column":3}},"37":{"start":{"line":42,"column":4},"end":{"line":44,"column":7}},"38":{"start":{"line":43,"column":6},"end":{"line":43,"column":34}},"39":{"start":{"line":46,"column":4},"end":{"line":46,"column":19}},"40":{"start":{"line":50,"column":23},"end":{"line":60,"column":1}},"41":{"start":{"line":51,"column":15},"end":{"line":55,"column":3}},"42":{"start":{"line":56,"column":2},"end":{"line":56,"column":34}},"43":{"start":{"line":57,"column":2},"end":{"line":57,"column":32}},"44":{"start":{"line":58,"column":2},"end":{"line":58,"column":26}},"45":{"start":{"line":59,"column":2},"end":{"line":59,"column":22}},"46":{"start":{"line":62,"column":19},"end":{"line":70,"column":1}},"47":{"start":{"line":63,"column":19},"end":{"line":63,"column":53}},"48":{"start":{"line":64,"column":2},"end":{"line":64,"column":29}},"49":{"start":{"line":65,"column":2},"end":{"line":65,"column":27}},"50":{"start":{"line":66,"column":2},"end":{"line":68,"column":3}},"51":{"start":{"line":66,"column":15},"end":{"line":66,"column":35}},"52":{"start":{"line":67,"column":4},"end":{"line":67,"column":27}},"53":{"start":{"line":69,"column":2},"end":{"line":69,"column":61}},"54":{"start":{"line":72,"column":19},"end":{"line":75,"column":1}},"55":{"start":{"line":73,"column":2},"end":{"line":73,"column":46}},"56":{"start":{"line":74,"column":2},"end":{"line":74,"column":61}},"57":{"start":{"line":77,"column":22},"end":{"line":93,"column":1}},"58":{"start":{"line":78,"column":19},"end":{"line":78,"column":75}},"59":{"start":{"line":79,"column":21},"end":{"line":79,"column":73}},"60":{"start":{"line":80,"column":22},"end":{"line":80,"column":63}},"61":{"start":{"line":81,"column":19},"end":{"line":81,"column":53}},"62":{"start":{"line":82,"column":2},"end":{"line":84,"column":5}},"63":{"start":{"line":83,"column":4},"end":{"line":83,"column":42}},"64":{"start":{"line":85,"column":2},"end":{"line":88,"column":5}},"65":{"start":{"line":86,"column":4},"end":{"line":86,"column":35}},"66":{"start":{"line":87,"column":4},"end":{"line":87,"column":49}},"67":{"start":{"line":90,"column":2},"end":{"line":90,"column":45}},"68":{"start":{"line":91,"column":2},"end":{"line":91,"column":45}},"69":{"start":{"line":92,"column":2},"end":{"line":92,"column":47}},"70":{"start":{"line":95,"column":28},"end":{"line":107,"column":1}},"71":{"start":{"line":96,"column":19},"end":{"line":96,"column":53}},"72":{"start":{"line":97,"column":2},"end":{"line":101,"column":5}},"73":{"start":{"line":98,"column":4},"end":{"line":100,"column":5}},"74":{"start":{"line":99,"column":6},"end":{"line":99,"column":31}},"75":{"start":{"line":102,"column":2},"end":{"line":102,"column":67}},"76":{"start":{"line":102,"column":41},"end":{"line":102,"column":65}},"77":{"start":{"line":103,"column":2},"end":{"line":105,"column":3}},"78":{"start":{"line":103,"column":15},"end":{"line":103,"column":35}},"79":{"start":{"line":104,"column":4},"end":{"line":104,"column":27}},"80":{"start":{"line":106,"column":2},"end":{"line":106,"column":61}}},"fnMap":{"0":{"name":"(anonymous_0)","decl":{"start":{"line":3,"column":21},"end":{"line":3,"column":22}},"loc":{"start":{"line":3,"column":27},"end":{"line":3,"column":36}},"line":3},"1":{"name":"(anonymous_1)","decl":{"start":{"line":4,"column":21},"end":{"line":4,"column":22}},"loc":{"start":{"line":4,"column":39},"end":{"line":6,"column":1}},"line":4},"2":{"name":"(anonymous_2)","decl":{"start":{"line":7,"column":26},"end":{"line":7,"column":27}},"loc":{"start":{"line":7,"column":36},"end":{"line":12,"column":1}},"line":7},"3":{"name":"(anonymous_3)","decl":{"start":{"line":14,"column":22},"end":{"line":14,"column":23}},"loc":{"start":{"line":14,"column":40},"end":{"line":37,"column":1}},"line":14},"4":{"name":"(anonymous_4)","decl":{"start":{"line":39,"column":24},"end":{"line":39,"column":25}},"loc":{"start":{"line":39,"column":30},"end":{"line":48,"column":1}},"line":39},"5":{"name":"(anonymous_5)","decl":{"start":{"line":42,"column":22},"end":{"line":42,"column":23}},"loc":{"start":{"line":42,"column":40},"end":{"line":44,"column":5}},"line":42},"6":{"name":"(anonymous_6)","decl":{"start":{"line":50,"column":23},"end":{"line":50,"column":24}},"loc":{"start":{"line":50,"column":41},"end":{"line":60,"column":1}},"line":50},"7":{"name":"(anonymous_7)","decl":{"start":{"line":62,"column":19},"end":{"line":62,"column":20}},"loc":{"start":{"line":62,"column":30},"end":{"line":70,"column":1}},"line":62},"8":{"name":"(anonymous_8)","decl":{"start":{"line":72,"column":19},"end":{"line":72,"column":20}},"loc":{"start":{"line":72,"column":44},"end":{"line":75,"column":1}},"line":72},"9":{"name":"(anonymous_9)","decl":{"start":{"line":77,"column":22},"end":{"line":77,"column":23}},"loc":{"start":{"line":77,"column":33},"end":{"line":93,"column":1}},"line":77},"10":{"name":"(anonymous_10)","decl":{"start":{"line":82,"column":22},"end":{"line":82,"column":23}},"loc":{"start":{"line":82,"column":38},"end":{"line":84,"column":3}},"line":82},"11":{"name":"(anonymous_11)","decl":{"start":{"line":85,"column":19},"end":{"line":85,"column":20}},"loc":{"start":{"line":85,"column":35},"end":{"line":88,"column":3}},"line":85},"12":{"name":"(anonymous_12)","decl":{"start":{"line":95,"column":28},"end":{"line":95,"column":29}},"loc":{"start":{"line":95,"column":34},"end":{"line":107,"column":1}},"line":95},"13":{"name":"(anonymous_13)","decl":{"start":{"line":97,"column":20},"end":{"line":97,"column":21}},"loc":{"start":{"line":97,"column":37},"end":{"line":101,"column":3}},"line":97},"14":{"name":"(anonymous_14)","decl":{"start":{"line":102,"column":31},"end":{"line":102,"column":32}},"loc":{"start":{"line":102,"column":41},"end":{"line":102,"column":65}},"line":102}},"branchMap":{"0":{"loc":{"start":{"line":9,"column":2},"end":{"line":9,"column":40}},"type":"if","locations":[{"start":{"line":9,"column":2},"end":{"line":9,"column":40}},{"start":{},"end":{}}],"line":9},"1":{"loc":{"start":{"line":41,"column":2},"end":{"line":47,"column":3}},"type":"if","locations":[{"start":{"line":41,"column":2},"end":{"line":47,"column":3}},{"start":{"line":45,"column":9},"end":{"line":47,"column":3}}],"line":41},"2":{"loc":{"start":{"line":98,"column":4},"end":{"line":100,"column":5}},"type":"if","locations":[{"start":{"line":98,"column":4},"end":{"line":100,"column":5}},{"start":{},"end":{}}],"line":98}},"s":{"0":1,"1":1,"2":8,"3":1,"4":1,"5":1,"6":8,"7":8,"8":1,"9":8,"10":8,"11":1,"12":10,"13":10,"14":10,"15":10,"16":10,"17":10,"18":10,"19":10,"20":10,"21":10,"22":10,"23":10,"24":10,"25":10,"26":10,"27":10,"28":10,"29":10,"30":10,"31":10,"32":10,"33":10,"34":1,"35":1,"36":1,"37":1,"38":2,"39":0,"40":1,"41":7,"42":7,"43":7,"44":7,"45":7,"46":1,"47":2,"48":2,"49":2,"50":2,"51":2,"52":3,"53":2,"54":1,"55":1,"56":1,"57":1,"58":1,"59":1,"60":1,"61":1,"62":1,"63":0,"64":1,"65":2,"66":2,"67":1,"68":1,"69":1,"70":1,"71":1,"72":1,"73":6,"74":2,"75":1,"76":6,"77":1,"78":1,"79":4,"80":1},"f":{"0":8,"1":1,"2":8,"3":10,"4":1,"5":2,"6":7,"7":2,"8":1,"9":1,"10":0,"11":2,"12":1,"13":6,"14":6},"b":{"0":[1,7],"1":[1,0],"2":[2,4]},"_coverageSchema":"1a1c01bbd47fc00a2c39e90264f33305004495a9","hash":"30cf969eb6f6d0eae56bdde3fd81e1426c443557"}
}
