TN:
SF:src\JS\taskOperations.js
FN:3,(anonymous_0)
FN:4,(anonymous_1)
FN:5,(anonymous_2)
FN:12,(anonymous_3)
FN:37,(anonymous_4)
FN:40,(anonymous_5)
FN:48,(anonymous_6)
FN:60,(anonymous_7)
FN:70,(anonymous_8)
FN:75,(anonymous_9)
FN:80,(anonymous_10)
FN:83,(anonymous_11)
FN:93,(anonymous_12)
FN:95,(anonymous_13)
FN:100,(anonymous_14)
FNF:15
FNH:5
FNDA:2,(anonymous_0)
FNDA:0,(anonymous_1)
FNDA:3,(anonymous_2)
FNDA:3,(anonymous_3)
FNDA:0,(anonymous_4)
FNDA:0,(anonymous_5)
FNDA:3,(anonymous_6)
FNDA:2,(anonymous_7)
FNDA:0,(anonymous_8)
FNDA:0,(anonymous_9)
FNDA:0,(anonymous_10)
FNDA:0,(anonymous_11)
FNDA:0,(anonymous_12)
FNDA:0,(anonymous_13)
FNDA:0,(anonymous_14)
DA:1,1
DA:3,2
DA:4,1
DA:5,1
DA:6,3
DA:7,3
DA:8,3
DA:9,3
DA:12,1
DA:13,3
DA:14,3
DA:15,3
DA:16,3
DA:17,3
DA:18,3
DA:19,3
DA:20,3
DA:21,3
DA:22,3
DA:23,3
DA:24,3
DA:25,3
DA:26,3
DA:27,3
DA:28,3
DA:29,3
DA:30,3
DA:31,3
DA:32,3
DA:33,3
DA:34,3
DA:37,1
DA:38,0
DA:39,0
DA:40,0
DA:41,0
DA:44,0
DA:48,1
DA:49,3
DA:54,3
DA:55,3
DA:56,3
DA:57,3
DA:60,1
DA:61,2
DA:62,2
DA:63,2
DA:64,2
DA:65,3
DA:67,2
DA:70,1
DA:71,0
DA:72,0
DA:75,1
DA:76,0
DA:77,0
DA:78,0
DA:79,0
DA:80,0
DA:81,0
DA:83,0
DA:84,0
DA:85,0
DA:88,0
DA:89,0
DA:90,0
DA:93,1
DA:94,0
DA:95,0
DA:96,0
DA:97,0
DA:100,0
DA:101,0
DA:102,0
DA:104,0
LF:75
LH:48
BRDA:7,0,0,1
BRDA:7,0,1,2
BRDA:39,1,0,0
BRDA:39,1,1,0
BRDA:96,2,0,0
BRDA:96,2,1,0
BRF:6
BRH:2
end_of_record
