TN:
SF:src\JS\taskOperations.js
FN:3,(anonymous_0)
FN:4,(anonymous_1)
FN:5,(anonymous_2)
FN:12,(anonymous_3)
FN:37,(anonymous_4)
FN:40,(anonymous_5)
FN:48,(anonymous_6)
FN:60,(anonymous_7)
FN:70,(anonymous_8)
FN:75,(anonymous_9)
FN:80,(anonymous_10)
FN:83,(anonymous_11)
FN:93,(anonymous_12)
FN:95,(anonymous_13)
FN:100,(anonymous_14)
FNF:15
FNH:10
FNDA:7,(anonymous_0)
FNDA:0,(anonymous_1)
FNDA:5,(anonymous_2)
FNDA:7,(anonymous_3)
FNDA:1,(anonymous_4)
FNDA:2,(anonymous_5)
FNDA:4,(anonymous_6)
FNDA:2,(anonymous_7)
FNDA:1,(anonymous_8)
FNDA:1,(anonymous_9)
FNDA:0,(anonymous_10)
FNDA:2,(anonymous_11)
FNDA:0,(anonymous_12)
FNDA:0,(anonymous_13)
FNDA:0,(anonymous_14)
DA:1,1
DA:3,7
DA:4,1
DA:5,1
DA:6,5
DA:7,5
DA:8,5
DA:9,5
DA:12,1
DA:13,7
DA:14,7
DA:15,7
DA:16,7
DA:17,7
DA:18,7
DA:19,7
DA:20,7
DA:21,7
DA:22,7
DA:23,7
DA:24,7
DA:25,7
DA:26,7
DA:27,7
DA:28,7
DA:29,7
DA:30,7
DA:31,7
DA:32,7
DA:33,7
DA:34,7
DA:37,1
DA:38,1
DA:39,1
DA:40,1
DA:41,2
DA:44,0
DA:48,1
DA:49,4
DA:54,4
DA:55,4
DA:56,4
DA:57,4
DA:60,1
DA:61,2
DA:62,2
DA:63,2
DA:64,2
DA:65,3
DA:67,2
DA:70,1
DA:71,1
DA:72,1
DA:75,1
DA:76,1
DA:77,1
DA:78,1
DA:79,1
DA:80,1
DA:81,0
DA:83,1
DA:84,2
DA:85,2
DA:88,1
DA:89,1
DA:90,1
DA:93,1
DA:94,0
DA:95,0
DA:96,0
DA:97,0
DA:100,0
DA:101,0
DA:102,0
DA:104,0
LF:75
LH:65
BRDA:7,0,0,1
BRDA:7,0,1,4
BRDA:39,1,0,1
BRDA:39,1,1,0
BRDA:96,2,0,0
BRDA:96,2,1,0
BRF:6
BRH:3
end_of_record
